
=== dataset: 192_vineyard ===
  [seed=0] n=    52  k=  2  train=41  test=11
       M20 (   0.7s,  28 rounds) RMSE=2.5660
       M30 (   0.0s,  28 rounds) RMSE=2.5660
       M40 (   0.0s,  16 rounds) RMSE=2.3941
       M50 (   0.0s,  16 rounds) RMSE=2.3941
    lightgbm (   0.2s) RMSE=2.3949
    xgboost (   0.2s) RMSE=3.0312
  [seed=1] n=    52  k=  2  train=41  test=11
       M20 (   0.1s,  54 rounds) RMSE=2.4747
       M30 (   0.1s,  54 rounds) RMSE=2.4747
       M40 (   0.0s,  16 rounds) RMSE=2.6208
       M50 (   0.0s,  16 rounds) RMSE=2.6208
    lightgbm (   0.2s) RMSE=2.4165
    xgboost (   0.2s) RMSE=3.4206
  [seed=2] n=    52  k=  2  train=41  test=11
       M20 (   0.1s,  35 rounds) RMSE=3.1207
       M30 (   0.1s,  35 rounds) RMSE=3.1207
       M40 (   0.0s,  16 rounds) RMSE=4.5337
       M50 (   0.0s,  16 rounds) RMSE=4.5337
    lightgbm (   0.2s) RMSE=4.5223
    xgboost (   0.2s) RMSE=3.4648

=== dataset: 210_cloud ===
  [seed=0] n=   108  k=  5  train=86  test=22
       M20 (   0.6s,  48 rounds) RMSE=0.8132
       M30 (   0.3s,  42 rounds) RMSE=0.7573
       M40 (   0.3s,  36 rounds) RMSE=0.7461
       M50 (   0.3s,  36 rounds) RMSE=0.7461
    lightgbm (   0.2s) RMSE=0.7734
    xgboost (   0.2s) RMSE=0.6548
  [seed=1] n=   108  k=  5  train=86  test=22
       M20 (   0.4s,  40 rounds) RMSE=0.2905
       M30 (   0.4s,  53 rounds) RMSE=0.3122
       M40 (   0.3s,  45 rounds) RMSE=0.4471
       M50 (   0.3s,  45 rounds) RMSE=0.4471
    lightgbm (   0.2s) RMSE=0.5469
    xgboost (   0.2s) RMSE=0.2667
  [seed=2] n=   108  k=  5  train=86  test=22
       M20 (   0.3s,  30 rounds) RMSE=0.4474
       M30 (   0.2s,  27 rounds) RMSE=0.4745
       M40 (   0.2s,  28 rounds) RMSE=0.4732
       M50 (   0.2s,  28 rounds) RMSE=0.4732
    lightgbm (   0.2s) RMSE=0.4989
    xgboost (   0.2s) RMSE=0.4816

=== dataset: 523_analcatdata_neavote ===
  [seed=0] n=   100  k=  2  train=80  test=20
       M20 (   0.2s,  40 rounds) RMSE=0.7373
       M30 (   0.2s,  40 rounds) RMSE=0.7373
       M40 (   0.1s,  44 rounds) RMSE=0.7243
       M50 (   0.1s,  44 rounds) RMSE=0.7243
    lightgbm (   0.2s) RMSE=0.7221
    xgboost (   0.1s) RMSE=0.7685
  [seed=1] n=   100  k=  2  train=80  test=20
       M20 (   0.3s,  80 rounds) RMSE=1.1251
       M30 (   0.3s,  80 rounds) RMSE=1.1251
       M40 (   0.2s, 115 rounds) RMSE=1.1798
       M50 (   0.2s, 115 rounds) RMSE=1.1971
    lightgbm (   0.2s) RMSE=1.0407
    xgboost (   0.1s) RMSE=2.2208
  [seed=2] n=   100  k=  2  train=80  test=20
       M20 (   0.2s,  51 rounds) RMSE=0.9346
       M30 (   0.2s,  51 rounds) RMSE=0.9346
       M40 (   0.1s,  51 rounds) RMSE=0.8856
       M50 (   0.1s,  51 rounds) RMSE=0.8856
    lightgbm (   0.2s) RMSE=0.8304
    xgboost (   0.1s) RMSE=2.1315

=== dataset: 557_analcatdata_apnea1 ===
  [seed=0] n=   475  k=  3  train=380  test=95
       M20 (   6.2s, 120 rounds) RMSE=1391.0324
       M30 (   6.5s, 156 rounds) RMSE=1314.4995
       M40 (   6.5s, 171 rounds) RMSE=1279.5381
       M50 (   7.7s, 200 rounds) RMSE=1325.1913
    lightgbm (   0.2s) RMSE=1375.5553
    xgboost (   0.1s) RMSE=1137.8164
  [seed=1] n=   475  k=  3  train=380  test=95
       M20 (   2.3s,  44 rounds) RMSE=923.6924
       M30 (   2.9s,  69 rounds) RMSE=870.6017
       M40 (   2.9s,  74 rounds) RMSE=903.6695
       M50 (   2.7s,  72 rounds) RMSE=895.7620
    lightgbm (   0.2s) RMSE=1028.0661
    xgboost (   0.2s) RMSE=874.7259
  [seed=2] n=   475  k=  3  train=380  test=95
       M20 (   2.2s,  41 rounds) RMSE=1661.5422
       M30 (   2.3s,  56 rounds) RMSE=1683.1970
       M40 (   2.6s,  66 rounds) RMSE=1733.8316
       M50 (   3.3s,  85 rounds) RMSE=1663.0948
    lightgbm (   0.2s) RMSE=1728.9516
    xgboost (   0.2s) RMSE=1358.6742

=== dataset: 529_pollen ===
  [seed=0] n=  3848  k=  4  train=3078  test=770
       M20 (   9.0s,  69 rounds) RMSE=1.5649
       M30 (   8.7s,  79 rounds) RMSE=1.5642
       M40 (   7.1s,  70 rounds) RMSE=1.5618
       M50 (   7.7s,  79 rounds) RMSE=1.5703
    lightgbm (   0.3s) RMSE=1.6000
    xgboost (   0.2s) RMSE=1.6113
  [seed=1] n=  3848  k=  4  train=3078  test=770
       M20 (   8.4s,  55 rounds) RMSE=1.5396
       M30 (   8.6s,  86 rounds) RMSE=1.5200
       M40 (   6.7s,  62 rounds) RMSE=1.5329
       M50 (   7.0s,  68 rounds) RMSE=1.5251
    lightgbm (   0.3s) RMSE=1.5491
    xgboost (   0.3s) RMSE=1.5621
  [seed=2] n=  3848  k=  4  train=3078  test=770
       M20 (   8.7s,  62 rounds) RMSE=1.5329
       M30 (   7.9s,  70 rounds) RMSE=1.5347
       M40 (  10.0s, 118 rounds) RMSE=1.5253
       M50 (   7.0s,  68 rounds) RMSE=1.5316
    lightgbm (   0.3s) RMSE=1.5520
    xgboost (   0.2s) RMSE=1.5626

=== dataset: 562_cpu_small ===
  [seed=0] n=  8192  k= 12  train=6553  test=1639
       M20 (  22.0s, 172 rounds) RMSE=2.5502
       M30 (  22.4s, 200 rounds) RMSE=2.5278
       M40 (  18.3s, 181 rounds) RMSE=2.5096
       M50 (  17.5s, 170 rounds) RMSE=2.5119
    lightgbm (   0.3s) RMSE=3.0734
    xgboost (   0.3s) RMSE=3.0879
  [seed=1] n=  8192  k= 12  train=6553  test=1639
       M20 (  22.2s, 163 rounds) RMSE=2.5701
       M30 (  20.9s, 178 rounds) RMSE=2.5845
       M40 (  21.3s, 200 rounds) RMSE=2.5704
       M50 (  20.5s, 200 rounds) RMSE=2.5617
    lightgbm (   0.3s) RMSE=3.1188
    xgboost (   0.3s) RMSE=3.1229
  [seed=2] n=  8192  k= 12  train=6553  test=1639
       M20 (  18.8s, 145 rounds) RMSE=2.5760
       M30 (  17.8s, 157 rounds) RMSE=2.5087
       M40 (  19.7s, 200 rounds) RMSE=2.5486
       M50 (  12.2s, 112 rounds) RMSE=2.6001
    lightgbm (   0.3s) RMSE=2.6838
    xgboost (   0.3s) RMSE=2.5557

=== dataset: 564_fried ===
  [seed=0] n= 40768  k= 10  train=32614  test=8154
       M20 (  40.4s, 172 rounds) RMSE=1.0764
       M30 (  42.8s, 200 rounds) RMSE=1.0769
       M40 (  37.3s, 175 rounds) RMSE=1.0740
       M50 (  32.9s, 150 rounds) RMSE=1.0768
    lightgbm (   0.5s) RMSE=1.0717
    xgboost (   0.3s) RMSE=1.0767
  [seed=1] n= 40768  k= 10  train=32614  test=8154
       M20 (  36.8s, 155 rounds) RMSE=1.0648
       M30 (  34.6s, 151 rounds) RMSE=1.0622
       M40 (  27.5s, 119 rounds) RMSE=1.0648
       M50 (  28.1s, 125 rounds) RMSE=1.0672
    lightgbm (   0.5s) RMSE=1.0693
    xgboost (   0.2s) RMSE=1.0704
  [seed=2] n= 40768  k= 10  train=32614  test=8154
       M20 (  31.8s, 133 rounds) RMSE=1.0719
       M30 (  32.6s, 150 rounds) RMSE=1.0747
       M40 (  29.4s, 126 rounds) RMSE=1.0694
       M50 (  27.6s, 124 rounds) RMSE=1.0687
    lightgbm (   0.5s) RMSE=1.0635
    xgboost (   0.2s) RMSE=1.0655

wrote /home/max1024/Workspaces/company/new-gbdt-angle/experiments/experiment12/summary.csv
wrote /home/max1024/Workspaces/company/new-gbdt-angle/experiments/experiment12/summary.json
wrote /home/max1024/Workspaces/company/new-gbdt-angle/experiments/experiment12/leaf_activation_stats.json
wrote /home/max1024/Workspaces/company/new-gbdt-angle/experiments/experiment12/pmlb_rmse.png

=== Aggregate summary (mean over 3 seeds, ratio vs XGBoost) ===
                     dataset       M20       M30       M40       M50
                   210_cloud     1.105     1.100     1.188     1.188
                   564_fried     1.000     1.000     0.999     1.000
                  529_pollen     0.979     0.975     0.976     0.977
     523_analcatdata_neavote     0.546     0.546     0.545     0.548
               562_cpu_small     0.878     0.869     0.870     0.875
                192_vineyard     0.823     0.823     0.963     0.963
      557_analcatdata_apnea1     1.179     1.147     1.162     1.152
