
=== dataset: 192_vineyard ===
  [seed=0] n=    52  k=  2  train=41  test=11
            G0 (   0.3s,  16 rounds) RMSE=2.3941
        G_weak (   0.0s,  16 rounds) RMSE=2.3941
      G_strong (   0.0s,  16 rounds) RMSE=2.3941
     G_vstrong (   0.0s,  16 rounds) RMSE=2.3941
            B0 (   0.0s,  16 rounds) RMSE=2.3941
      B_strong (   0.0s,  16 rounds) RMSE=2.3941
      lightgbm (   0.2s) RMSE=2.3949
       xgboost (   0.2s) RMSE=3.0312
  [seed=1] n=    52  k=  2  train=41  test=11
            G0 (   0.0s,  16 rounds) RMSE=2.6208
        G_weak (   0.0s,  16 rounds) RMSE=2.6208
      G_strong (   0.0s,  16 rounds) RMSE=2.6208
     G_vstrong (   0.0s,  16 rounds) RMSE=2.6208
            B0 (   0.0s,  16 rounds) RMSE=2.6208
      B_strong (   0.0s,  16 rounds) RMSE=2.6208
      lightgbm (   0.2s) RMSE=2.4165
       xgboost (   0.1s) RMSE=3.4206
  [seed=2] n=    52  k=  2  train=41  test=11
            G0 (   0.0s,  16 rounds) RMSE=4.5337
        G_weak (   0.0s,  16 rounds) RMSE=4.5337
      G_strong (   0.0s,  16 rounds) RMSE=4.5337
     G_vstrong (   0.0s,  16 rounds) RMSE=4.5337
            B0 (   0.0s,  16 rounds) RMSE=4.5337
      B_strong (   0.0s,  16 rounds) RMSE=4.5337
      lightgbm (   0.1s) RMSE=4.5223
       xgboost (   0.2s) RMSE=3.4648

=== dataset: 210_cloud ===
  [seed=0] n=   108  k=  5  train=86  test=22
            G0 (   0.7s,  36 rounds) RMSE=0.7461
        G_weak (   0.2s,  36 rounds) RMSE=0.7461
      G_strong (   0.2s,  36 rounds) RMSE=0.7461
     G_vstrong (   0.2s,  36 rounds) RMSE=0.7461
            B0 (   0.2s,  36 rounds) RMSE=0.7461
      B_strong (   0.2s,  36 rounds) RMSE=0.7461
      lightgbm (   0.2s) RMSE=0.7734
       xgboost (   0.2s) RMSE=0.6548
  [seed=1] n=   108  k=  5  train=86  test=22
            G0 (   0.3s,  45 rounds) RMSE=0.4471
        G_weak (   0.3s,  45 rounds) RMSE=0.4471
      G_strong (   0.3s,  45 rounds) RMSE=0.4471
     G_vstrong (   0.3s,  45 rounds) RMSE=0.4471
            B0 (   0.3s,  45 rounds) RMSE=0.4471
      B_strong (   0.3s,  45 rounds) RMSE=0.4471
      lightgbm (   0.2s) RMSE=0.5469
       xgboost (   0.2s) RMSE=0.2667
  [seed=2] n=   108  k=  5  train=86  test=22
            G0 (   0.2s,  28 rounds) RMSE=0.4732
        G_weak (   0.2s,  28 rounds) RMSE=0.4732
      G_strong (   0.2s,  28 rounds) RMSE=0.4732
     G_vstrong (   0.2s,  28 rounds) RMSE=0.4732
            B0 (   0.2s,  28 rounds) RMSE=0.4732
      B_strong (   0.2s,  28 rounds) RMSE=0.4732
      lightgbm (   0.2s) RMSE=0.4989
       xgboost (   0.1s) RMSE=0.4816

=== dataset: 523_analcatdata_neavote ===
  [seed=0] n=   100  k=  2  train=80  test=20
            G0 (   0.1s,  44 rounds) RMSE=0.7126
        G_weak (   0.1s,  44 rounds) RMSE=0.7126
      G_strong (   0.1s,  44 rounds) RMSE=0.7126
     G_vstrong (   0.1s,  44 rounds) RMSE=0.7126
            B0 (   0.1s,  44 rounds) RMSE=0.7126
      B_strong (   0.1s,  44 rounds) RMSE=0.7126
      lightgbm (   0.2s) RMSE=0.7221
       xgboost (   0.1s) RMSE=0.7685
  [seed=1] n=   100  k=  2  train=80  test=20
            G0 (   0.2s, 115 rounds) RMSE=1.0519
        G_weak (   0.2s, 115 rounds) RMSE=1.0519
      G_strong (   0.2s, 115 rounds) RMSE=1.0519
     G_vstrong (   0.2s, 115 rounds) RMSE=1.0519
            B0 (   0.2s, 115 rounds) RMSE=1.0519
      B_strong (   0.2s, 115 rounds) RMSE=1.0519
      lightgbm (   0.2s) RMSE=1.0407
       xgboost (   0.1s) RMSE=2.2208
  [seed=2] n=   100  k=  2  train=80  test=20
            G0 (   0.1s,  51 rounds) RMSE=0.8337
        G_weak (   0.1s,  51 rounds) RMSE=0.8337
      G_strong (   0.1s,  51 rounds) RMSE=0.8337
     G_vstrong (   0.1s,  51 rounds) RMSE=0.8337
            B0 (   0.1s,  51 rounds) RMSE=0.8337
      B_strong (   0.1s,  51 rounds) RMSE=0.8337
      lightgbm (   0.2s) RMSE=0.8304
       xgboost (   0.1s) RMSE=2.1315

=== dataset: 557_analcatdata_apnea1 ===
  [seed=0] n=   475  k=  3  train=380  test=95
            G0 (   7.7s, 198 rounds) RMSE=1317.6230
        G_weak (   6.0s, 157 rounds) RMSE=1304.8149
      G_strong (   5.9s, 152 rounds) RMSE=1317.9957
     G_vstrong (   5.2s, 136 rounds) RMSE=1299.4138
            B0 (   6.9s, 176 rounds) RMSE=1305.4152
      B_strong (   7.1s, 187 rounds) RMSE=1301.1357
      lightgbm (   0.2s) RMSE=1375.5553
       xgboost (   0.2s) RMSE=1137.8164
  [seed=1] n=   475  k=  3  train=380  test=95
            G0 (   3.0s,  79 rounds) RMSE=905.3017
        G_weak (   2.9s,  77 rounds) RMSE=911.1149
      G_strong (   3.2s,  82 rounds) RMSE=907.3966
     G_vstrong (   3.3s,  87 rounds) RMSE=924.8027
            B0 (   3.0s,  78 rounds) RMSE=896.0016
      B_strong (   3.0s,  80 rounds) RMSE=909.5495
      lightgbm (   0.2s) RMSE=1028.0661
       xgboost (   0.2s) RMSE=874.7259
  [seed=2] n=   475  k=  3  train=380  test=95
            G0 (   4.1s, 107 rounds) RMSE=1595.0750
        G_weak (   3.8s,  98 rounds) RMSE=1619.5904
      G_strong (   3.8s, 101 rounds) RMSE=1594.0365
     G_vstrong (   2.6s,  65 rounds) RMSE=1745.6932
            B0 (   3.9s, 102 rounds) RMSE=1637.6727
      B_strong (   4.3s, 108 rounds) RMSE=1605.1408
      lightgbm (   0.2s) RMSE=1728.9516
       xgboost (   0.2s) RMSE=1358.6742

=== dataset: 529_pollen ===
  [seed=0] n=  3848  k=  4  train=3078  test=770
            G0 (   7.2s,  79 rounds) RMSE=1.5668
        G_weak (   7.0s,  70 rounds) RMSE=1.5566
      G_strong (   6.5s,  66 rounds) RMSE=1.5658
     G_vstrong (   7.7s,  80 rounds) RMSE=1.5703
            B0 (   5.6s,  44 rounds) RMSE=1.5677
      B_strong (   6.8s,  66 rounds) RMSE=2.5450
      lightgbm (   0.3s) RMSE=1.6000
       xgboost (   0.3s) RMSE=1.6113
  [seed=1] n=  3848  k=  4  train=3078  test=770
            G0 (   8.5s,  96 rounds) RMSE=1.5291
        G_weak (   6.0s,  53 rounds) RMSE=1.5382
      G_strong (   6.6s,  63 rounds) RMSE=1.5307
     G_vstrong (   6.6s,  65 rounds) RMSE=3.5885
            B0 (   5.4s,  41 rounds) RMSE=1.5515
      B_strong (   6.3s,  56 rounds) RMSE=1.5323
      lightgbm (   0.3s) RMSE=1.5490
       xgboost (   0.3s) RMSE=1.5621
  [seed=2] n=  3848  k=  4  train=3078  test=770
            G0 (   7.1s,  68 rounds) RMSE=1.5315
        G_weak (   7.5s,  77 rounds) RMSE=1.5307
      G_strong (   7.9s,  90 rounds) RMSE=1.5387
     G_vstrong (   6.6s,  66 rounds) RMSE=1.5274
            B0 (   8.0s,  78 rounds) RMSE=1.5613
      B_strong (   8.6s,  92 rounds) RMSE=1.5267
      lightgbm (   0.3s) RMSE=1.5517
       xgboost (   0.2s) RMSE=1.5626

=== dataset: 562_cpu_small ===
  [seed=0] n=  8192  k= 12  train=6553  test=1639
            G0 (  13.3s, 135 rounds) RMSE=2.5630
        G_weak (  17.1s, 177 rounds) RMSE=98.6062
      G_strong (  12.5s, 117 rounds) RMSE=2.5366
     G_vstrong (  19.7s, 194 rounds) RMSE=2.5237
            B0 (   7.6s,  61 rounds) RMSE=2469.7790
      B_strong (   9.2s,  80 rounds) RMSE=4856.2912
      lightgbm (   0.3s) RMSE=3.0737
       xgboost (   0.3s) RMSE=3.0879
  [seed=1] n=  8192  k= 12  train=6553  test=1639
            G0 (  13.4s, 121 rounds) RMSE=2.5624
        G_weak (  12.1s, 116 rounds) RMSE=10.3004
      G_strong (  18.4s, 179 rounds) RMSE=2.6150
     G_vstrong (  17.2s, 157 rounds) RMSE=3773.2445
            B0 (  16.4s, 139 rounds) RMSE=182510.4824
      B_strong (  20.4s, 157 rounds) RMSE=341293.9424
      lightgbm (   0.4s) RMSE=3.1188
       xgboost (   0.3s) RMSE=3.1229
  [seed=2] n=  8192  k= 12  train=6553  test=1639
            G0 (  20.5s, 186 rounds) RMSE=563005.4919
        G_weak (   4.7s,  30 rounds) RMSE=2.9836
      G_strong (  20.7s, 198 rounds) RMSE=394594.9043
     G_vstrong (  19.8s, 182 rounds) RMSE=313036.0751
            B0 (   4.2s,  25 rounds) RMSE=665978.2413
      B_strong (   4.1s,  25 rounds) RMSE=314890.2954
      lightgbm (   0.4s) RMSE=2.6839
       xgboost (   0.3s) RMSE=2.5557

=== dataset: 564_fried ===
  [seed=0] n= 40768  k= 10  train=32614  test=8154
            G0 (  40.8s, 182 rounds) RMSE=1.0714
        G_weak (  35.5s, 156 rounds) RMSE=19018.9671
      G_strong (  32.0s, 143 rounds) RMSE=1.0743
     G_vstrong (  35.6s, 169 rounds) RMSE=1.0712
            B0 (  42.1s, 200 rounds) RMSE=1.0667
      B_strong (  40.9s, 185 rounds) RMSE=1.0732
      lightgbm (   0.5s) RMSE=1.0717
       xgboost (   0.3s) RMSE=1.0767
  [seed=1] n= 40768  k= 10  train=32614  test=8154
            G0 (  32.3s, 153 rounds) RMSE=13385.6333
        G_weak (  33.4s, 150 rounds) RMSE=1.0633
      G_strong (  28.2s, 123 rounds) RMSE=11375.6198
     G_vstrong (  29.8s, 132 rounds) RMSE=10851.5094
            B0 (  34.5s, 154 rounds) RMSE=3.4901
      B_strong (  34.5s, 150 rounds) RMSE=11607.7940
      lightgbm (   0.5s) RMSE=1.0693
       xgboost (   0.3s) RMSE=1.0704
  [seed=2] n= 40768  k= 10  train=32614  test=8154
            G0 (  30.5s, 143 rounds) RMSE=1.0660
        G_weak (  29.7s, 127 rounds) RMSE=1.0702
      G_strong (  39.1s, 195 rounds) RMSE=1.0698
     G_vstrong (  33.4s, 145 rounds) RMSE=1.0726
            B0 (   8.2s,  24 rounds) RMSE=2.2681
      B_strong (  35.1s, 147 rounds) RMSE=1.0704
      lightgbm (   0.5s) RMSE=1.0635
       xgboost (   0.3s) RMSE=1.0655

wrote /home/max1024/Workspaces/company/new-gbdt-angle/experiments/experiment10/summary.csv
wrote /home/max1024/Workspaces/company/new-gbdt-angle/experiments/experiment10/summary.json
wrote /home/max1024/Workspaces/company/new-gbdt-angle/experiments/experiment10/eta_stats.json
wrote /home/max1024/Workspaces/company/new-gbdt-angle/experiments/experiment10/pmlb_rmse.png

=== Aggregate summary (mean over 3 seeds, log ratio vs XGBoost) ===
                     dataset           G0       G_weak     G_strong    G_vstrong           B0     B_strong
                   210_cloud        1.188        1.188        1.188        1.188        1.188        1.188
                   564_fried     4167.338     5920.877     3541.664     3378.519        2.124     3613.935
                  529_pollen        0.977        0.977        0.979        1.412        0.988        1.183
     523_analcatdata_neavote        0.507        0.507        0.507        0.507        0.507        0.507
               562_cpu_small    64222.826       12.763    45012.172    36138.842    97069.147    75405.134
                192_vineyard        0.963        0.963        0.963        0.963        0.963        0.963
      557_analcatdata_apnea1        1.133        1.138        1.133        1.178        1.139        1.132
